<?xml version="1.0" encoding="utf-8"?><testsuites name="pytest tests"><testsuite name="pytest" errors="0" failures="0" skipped="0" tests="10" time="2.020" timestamp="2026-04-03T10:43:25.460773+00:00" hostname="agent-env-474ea262-6c07-4b77-a13c-18afca73b539"><testcase classname="tests.test_payment_analytics.TestPaymentStatus" name="test_create_case_with_paid_status" time="0.377" /><testcase classname="tests.test_payment_analytics.TestPaymentStatus" name="test_create_case_with_pending_status" time="0.172" /><testcase classname="tests.test_payment_analytics.TestPaymentStatus" name="test_create_case_default_pending_status" time="0.157" /><testcase classname="tests.test_payment_analytics.TestPaymentStatus" name="test_update_payment_status_to_paid" time="0.258" /><testcase classname="tests.test_payment_analytics.TestPaymentStatus" name="test_update_payment_status_to_pending" time="0.219" /><testcase classname="tests.test_payment_analytics.TestPaymentStatus" name="test_update_payment_status_invalid_value" time="0.216" /><testcase classname="tests.test_payment_analytics.TestPaymentStatus" name="test_update_payment_status_nonexistent_case" time="0.111" /><testcase classname="tests.test_payment_analytics.TestAnalytics" name="test_analytics_endpoint_structure" time="0.093" /><testcase classname="tests.test_payment_analytics.TestAnalytics" name="test_analytics_with_paid_and_pending_cases" time="0.277" /><testcase classname="tests.test_payment_analytics.TestAnalytics" name="test_analytics_monthly_breakdown_format" time="0.096" /></testsuite></testsuites>