<?xml version="1.0" encoding="utf-8"?><testsuites name="pytest tests"><testsuite name="pytest" errors="0" failures="0" skipped="0" tests="9" time="2.306" timestamp="2026-04-04T18:39:50.147919+00:00" hostname="agent-env-474ea262-6c07-4b77-a13c-18afca73b539"><testcase classname="backend.tests.test_doctor_profile_receipt.TestDoctorProfile" name="test_get_doctor_profile_exists" time="0.323" /><testcase classname="backend.tests.test_doctor_profile_receipt.TestDoctorProfile" name="test_put_doctor_profile_create" time="0.165" /><testcase classname="backend.tests.test_doctor_profile_receipt.TestDoctorProfile" name="test_put_doctor_profile_update" time="0.199" /><testcase classname="backend.tests.test_doctor_profile_receipt.TestReceiptNumber" name="test_case_has_receipt_number" time="0.210" /><testcase classname="backend.tests.test_doctor_profile_receipt.TestReceiptNumber" name="test_receipt_number_persistence" time="0.269" /><testcase classname="backend.tests.test_doctor_profile_receipt.TestModeOfPayment" name="test_case_with_mode_of_payment" time="0.456" /><testcase classname="backend.tests.test_doctor_profile_receipt.TestModeOfPayment" name="test_case_default_mode_of_payment" time="0.171" /><testcase classname="backend.tests.test_doctor_profile_receipt.TestModeOfPayment" name="test_mode_of_payment_persistence" time="0.253" /><testcase classname="backend.tests.test_doctor_profile_receipt.TestCSVExportNewColumns" name="test_csv_export_includes_new_columns" time="0.238" /></testsuite></testsuites>