<?xml version="1.0" encoding="utf-8"?><testsuites name="pytest tests"><testsuite name="pytest" errors="0" failures="0" skipped="0" tests="9" time="1.688" timestamp="2026-04-23T15:40:21.210214+00:00" hostname="agent-env-474ea262-6c07-4b77-a13c-18afca73b539"><testcase classname="tests.test_empty_db_signature.TestEmptyDatabase" name="test_cases_empty" time="0.313" /><testcase classname="tests.test_empty_db_signature.TestEmptyDatabase" name="test_hospitals_empty" time="0.149" /><testcase classname="tests.test_empty_db_signature.TestEmptyDatabase" name="test_surgeons_empty" time="0.152" /><testcase classname="tests.test_empty_db_signature.TestEmptyDatabase" name="test_doctor_profile_empty" time="0.130" /><testcase classname="tests.test_empty_db_signature.TestDoctorProfileSignature" name="test_doctor_profile_has_signature_field" time="0.115" /><testcase classname="tests.test_empty_db_signature.TestDoctorProfileSignature" name="test_save_doctor_profile_with_signature" time="0.155" /><testcase classname="tests.test_empty_db_signature.TestDoctorProfileSignature" name="test_update_signature_only" time="0.264" /><testcase classname="tests.test_empty_db_signature.TestDoctorProfileSignature" name="test_remove_signature" time="0.245" /><testcase classname="tests.test_empty_db_signature.TestDoctorProfileSignature" name="test_signature_field_no_mongodb_id" time="0.128" /></testsuite></testsuites>