<?xml version="1.0" encoding="utf-8"?><testsuites name="pytest tests"><testsuite name="pytest" errors="0" failures="0" skipped="0" tests="16" time="4.384" timestamp="2026-04-04T19:16:24.066301+00:00" hostname="agent-env-474ea262-6c07-4b77-a13c-18afca73b539"><testcase classname="tests.test_hospitals_surgeons_csv.TestHospitalsCRUD" name="test_get_hospitals" time="0.254" /><testcase classname="tests.test_hospitals_surgeons_csv.TestHospitalsCRUD" name="test_create_hospital" time="0.236" /><testcase classname="tests.test_hospitals_surgeons_csv.TestHospitalsCRUD" name="test_create_hospital_with_whitespace" time="0.155" /><testcase classname="tests.test_hospitals_surgeons_csv.TestHospitalsCRUD" name="test_delete_hospital" time="0.252" /><testcase classname="tests.test_hospitals_surgeons_csv.TestHospitalsCRUD" name="test_delete_nonexistent_hospital" time="0.139" /><testcase classname="tests.test_hospitals_surgeons_csv.TestSurgeonsCRUD" name="test_get_surgeons" time="0.099" /><testcase classname="tests.test_hospitals_surgeons_csv.TestSurgeonsCRUD" name="test_create_surgeon" time="0.250" /><testcase classname="tests.test_hospitals_surgeons_csv.TestSurgeonsCRUD" name="test_create_surgeon_with_whitespace" time="0.192" /><testcase classname="tests.test_hospitals_surgeons_csv.TestSurgeonsCRUD" name="test_delete_surgeon" time="0.224" /><testcase classname="tests.test_hospitals_surgeons_csv.TestSurgeonsCRUD" name="test_delete_nonexistent_surgeon" time="0.101" /><testcase classname="tests.test_hospitals_surgeons_csv.TestCSVExportFiltering" name="test_csv_export_quarterly_q1" time="0.538" /><testcase classname="tests.test_hospitals_surgeons_csv.TestCSVExportFiltering" name="test_csv_export_quarterly_q2" time="0.516" /><testcase classname="tests.test_hospitals_surgeons_csv.TestCSVExportFiltering" name="test_csv_export_yearly" time="0.504" /><testcase classname="tests.test_hospitals_surgeons_csv.TestCSVExportFiltering" name="test_csv_export_all" time="0.354" /><testcase classname="tests.test_hospitals_surgeons_csv.TestCSVExportFiltering" name="test_csv_export_default_all" time="0.098" /><testcase classname="tests.test_hospitals_surgeons_csv.TestCaseWithHospitalSurgeon" name="test_create_case_with_hospital_and_surgeon" time="0.399" /></testsuite></testsuites>