<?xml version="1.0" encoding="utf-8"?><testsuites name="pytest tests"><testsuite name="pytest" errors="0" failures="0" skipped="0" tests="12" time="2.069" timestamp="2026-04-03T09:52:27.450298+00:00" hostname="agent-env-474ea262-6c07-4b77-a13c-18afca73b539"><testcase classname="tests.test_api.TestHealthCheck" name="test_api_root" time="0.266" /><testcase classname="tests.test_api.TestCaseCRUD" name="test_create_case_basic" time="0.234" /><testcase classname="tests.test_api.TestCaseCRUD" name="test_create_case_with_isa_rvg" time="0.187" /><testcase classname="tests.test_api.TestCaseCRUD" name="test_create_case_with_emergency_surcharge" time="0.139" /><testcase classname="tests.test_api.TestCaseCRUD" name="test_get_all_cases" time="0.138" /><testcase classname="tests.test_api.TestCaseCRUD" name="test_get_single_case" time="0.177" /><testcase classname="tests.test_api.TestCaseCRUD" name="test_get_nonexistent_case" time="0.126" /><testcase classname="tests.test_api.TestCaseCRUD" name="test_delete_case" time="0.254" /><testcase classname="tests.test_api.TestCaseCRUD" name="test_delete_nonexistent_case" time="0.096" /><testcase classname="tests.test_api.TestCSVExport" name="test_csv_export" time="0.096" /><testcase classname="tests.test_api.TestCSVExport" name="test_csv_export_with_data" time="0.216" /><testcase classname="tests.test_api.TestInputValidation" name="test_create_case_missing_required_fields" time="0.098" /></testsuite></testsuites>