<?xml version="1.0" encoding="utf-8"?><testsuites name="pytest tests"><testsuite name="pytest" errors="5" failures="0" skipped="0" tests="5" time="0.078" timestamp="2026-04-12T17:02:01.227877+00:00" hostname="agent-env-474ea262-6c07-4b77-a13c-18afca73b539"><testcase classname="tests.test_hospitals_surgeons_csv.TestHospitalsCRUD" name="test_get_hospitals" time="0.001"><error message="failed on setup with &quot;Failed: EXPO_PUBLIC_BACKEND_URL environment variable not set&quot;">tests/conftest.py:17: in base_url
    pytest.fail("EXPO_PUBLIC_BACKEND_URL environment variable not set")
E   Failed: EXPO_PUBLIC_BACKEND_URL environment variable not set</error></testcase><testcase classname="tests.test_hospitals_surgeons_csv.TestHospitalsCRUD" name="test_create_hospital" time="0.000"><error message="failed on setup with &quot;Failed: EXPO_PUBLIC_BACKEND_URL environment variable not set&quot;">tests/conftest.py:17: in base_url
    pytest.fail("EXPO_PUBLIC_BACKEND_URL environment variable not set")
E   Failed: EXPO_PUBLIC_BACKEND_URL environment variable not set</error></testcase><testcase classname="tests.test_hospitals_surgeons_csv.TestHospitalsCRUD" name="test_create_hospital_with_whitespace" time="0.000"><error message="failed on setup with &quot;Failed: EXPO_PUBLIC_BACKEND_URL environment variable not set&quot;">tests/conftest.py:17: in base_url
    pytest.fail("EXPO_PUBLIC_BACKEND_URL environment variable not set")
E   Failed: EXPO_PUBLIC_BACKEND_URL environment variable not set</error></testcase><testcase classname="tests.test_hospitals_surgeons_csv.TestHospitalsCRUD" name="test_delete_hospital" time="0.000"><error message="failed on setup with &quot;Failed: EXPO_PUBLIC_BACKEND_URL environment variable not set&quot;">tests/conftest.py:17: in base_url
    pytest.fail("EXPO_PUBLIC_BACKEND_URL environment variable not set")
E   Failed: EXPO_PUBLIC_BACKEND_URL environment variable not set</error></testcase><testcase classname="tests.test_hospitals_surgeons_csv.TestHospitalsCRUD" name="test_delete_nonexistent_hospital" time="0.000"><error message="failed on setup with &quot;Failed: EXPO_PUBLIC_BACKEND_URL environment variable not set&quot;">tests/conftest.py:17: in base_url
    pytest.fail("EXPO_PUBLIC_BACKEND_URL environment variable not set")
E   Failed: EXPO_PUBLIC_BACKEND_URL environment variable not set</error></testcase></testsuite></testsuites>